<?xml version="1.0" encoding="UTF-8"?>
<testsuite xmlns:xsi="http://www.w3.org/2001/XMLSchema-instance" xsi:noNamespaceSchemaLocation="https://maven.apache.org/surefire/maven-surefire-plugin/xsd/surefire-test-report.xsd" name="ItemOrderTest" time="0.036" tests="4" errors="0" skipped="0" failures="0">
  <properties>
[...]
</properties>
  <testcase name="addItem" classname="ItemOrderTest" time="0.026"/>
  <testcase name="addCouponForLaptops" classname="ItemOrderTest" time="0"/>
  <testcase name="addCouponForLaptopsOnWrongProduct" classname="ItemOrderTest" time="0.001"/>
  <testcase name="getTotal" classname="ItemOrderTest" time="0"/>
</testsuite>